2019-03-11 02:35:49,202 - AlignedRelationsCreator - INFO - Connected to the Mysql Server
2019-03-11 02:35:49,202 - AlignedRelationsCreator - DEBUG - Following Schema will be created: TPCH0_1GB
2019-03-11 02:35:50,352 - AlignedRelationsCreator - INFO - Database TPCH0_1GB Exists. Dropping Now
2019-03-11 02:35:50,352 - AlignedRelationsCreator - INFO - Created following schema in server:TPCH0_1GB
2019-03-11 02:35:50,353 - AlignedRelationsCreator - INFO - Database Changed to TPCH0_1GB
2019-03-11 02:35:52,409 - AlignedRelationsCreator - INFO - Finished Creating Tables [('CUSTOMER',), ('LINEITEM',), ('NATION',), ('ORDERS',), ('PART',), ('PARTSUPP',), ('REGION',), ('SUPPLIER',)]
2019-03-11 02:39:13,332 - AlignedRelationsCreator - INFO - Connected to the Mysql Server
2019-03-11 02:39:21,676 - AlignedRelationsCreator - INFO - Connected to the Mysql Server
2019-03-11 02:39:53,002 - AlignedRelationsCreator - INFO - Connected to the Mysql Server
2019-03-11 02:41:17,782 - AlignedRelationsCreator - INFO - Connected to the Mysql Server
2019-03-11 02:44:17,135 - AlignedRelationsCreator - INFO - Connected to the Mysql Server
2019-03-11 02:44:27,561 - AlignedRelationsCreator - INFO - Connected to the Mysql Server
2019-03-11 02:44:48,672 - AlignedRelationsCreator - INFO - Connected to the Mysql Server
2019-03-11 02:48:01,498 - AlignedRelationsCreator - INFO - Connected to the Mysql Server
2019-03-11 02:48:50,494 - AlignedRelationsCreator - INFO - Connected to the Mysql Server
2019-03-11 02:49:50,189 - AlignedRelationsCreator - INFO - Connected to the Mysql Server
2019-03-11 02:51:10,244 - AlignedRelationsCreator - INFO - Connected to the Mysql Server
2019-03-11 02:51:32,220 - AlignedRelationsCreator - INFO - Connected to the Mysql Server
2019-03-11 02:52:47,112 - AlignedRelationsCreator - INFO - Connected to the Mysql Server
2019-03-11 02:54:43,292 - AlignedRelationsCreator - INFO - Connected to the Mysql Server
2019-03-11 02:54:56,613 - AlignedRelationsCreator - INFO - Connected to the Mysql Server
2019-03-11 02:54:56,613 - AlignedRelationsCreator - DEBUG - Following Schema will be created: TPCH0_1GB
2019-03-11 02:54:57,989 - AlignedRelationsCreator - INFO - Database TPCH0_1GB Exists. Dropping Now
2019-03-11 02:54:57,989 - AlignedRelationsCreator - INFO - Created following schema in server:TPCH0_1GB
2019-03-11 02:54:57,990 - AlignedRelationsCreator - INFO - Database Changed to TPCH0_1GB
2019-03-11 02:55:00,288 - AlignedRelationsCreator - INFO - Finished Creating Tables [('CUSTOMER',), ('LINEITEM',), ('NATION',), ('ORDERS',), ('PART',), ('PARTSUPP',), ('REGION',), ('SUPPLIER',)]
2019-03-11 02:55:03,360 - AlignedRelationsCreator - DEBUG - Loaded File ../data/TPCH0.1GB/partsupp.tbl into table PARTSUPP
2019-03-11 02:55:15,895 - AlignedRelationsCreator - DEBUG - Loaded File ../data/TPCH0.1GB/lineitem.tbl into table LINEITEM
2019-03-11 02:55:19,097 - AlignedRelationsCreator - DEBUG - Loaded File ../data/TPCH0.1GB/part.tbl into table PART
2019-03-11 02:55:23,683 - AlignedRelationsCreator - DEBUG - Loaded File ../data/TPCH0.1GB/orders.tbl into table ORDERS
2019-03-11 02:55:24,411 - AlignedRelationsCreator - DEBUG - Loaded File ../data/TPCH0.1GB/supplier.tbl into table SUPPLIER
2019-03-11 02:55:24,452 - AlignedRelationsCreator - DEBUG - Loaded File ../data/TPCH0.1GB/nation.tbl into table NATION
2019-03-11 02:55:27,442 - AlignedRelationsCreator - DEBUG - Loaded File ../data/TPCH0.1GB/customer.tbl into table CUSTOMER
2019-03-11 02:55:27,484 - AlignedRelationsCreator - DEBUG - Loaded File ../data/TPCH0.1GB/region.tbl into table REGION
2019-03-11 02:55:27,484 - AlignedRelationsCreator - INFO - Finished loading all tables from ../data/TPCH0.1GB
2019-03-11 02:56:19,969 - AlignedRelationsCreator - INFO - Connected to the Mysql Server
2019-03-11 02:56:19,969 - AlignedRelationsCreator - DEBUG - Following Schema will be created: TPCH0_1GB
2019-03-11 02:56:21,362 - AlignedRelationsCreator - INFO - Database TPCH0_1GB Exists. Dropping Now
2019-03-11 02:56:21,362 - AlignedRelationsCreator - INFO - Created following schema in server:TPCH0_1GB
2019-03-11 02:56:21,362 - AlignedRelationsCreator - INFO - Database Changed to TPCH0_1GB
2019-03-11 02:56:24,513 - AlignedRelationsCreator - INFO - Finished Creating Tables [('CUSTOMER',), ('LINEITEM',), ('NATION',), ('ORDERS',), ('PART',), ('PARTSUPP',), ('REGION',), ('SUPPLIER',)]
2019-03-11 02:56:28,586 - AlignedRelationsCreator - DEBUG - MySQL Query: LOAD DATA LOCAL INFILE '../data/TPCH0.1GB/partsupp.tbl' INTO TABLE PARTSUPP FIELDS  TERMINATED BY '|';
2019-03-11 02:56:28,586 - AlignedRelationsCreator - DEBUG - Loaded File ../data/TPCH0.1GB/partsupp.tbl into table PARTSUPP
2019-03-11 02:56:40,684 - AlignedRelationsCreator - DEBUG - MySQL Query: LOAD DATA LOCAL INFILE '../data/TPCH0.1GB/lineitem.tbl' INTO TABLE LINEITEM FIELDS  TERMINATED BY '|';
2019-03-11 02:56:40,684 - AlignedRelationsCreator - DEBUG - Loaded File ../data/TPCH0.1GB/lineitem.tbl into table LINEITEM
2019-03-11 02:56:43,873 - AlignedRelationsCreator - DEBUG - MySQL Query: LOAD DATA LOCAL INFILE '../data/TPCH0.1GB/part.tbl' INTO TABLE PART FIELDS  TERMINATED BY '|';
2019-03-11 02:56:43,873 - AlignedRelationsCreator - DEBUG - Loaded File ../data/TPCH0.1GB/part.tbl into table PART
2019-03-11 02:56:48,918 - AlignedRelationsCreator - DEBUG - MySQL Query: LOAD DATA LOCAL INFILE '../data/TPCH0.1GB/orders.tbl' INTO TABLE ORDERS FIELDS  TERMINATED BY '|';
2019-03-11 02:56:48,918 - AlignedRelationsCreator - DEBUG - Loaded File ../data/TPCH0.1GB/orders.tbl into table ORDERS
2019-03-11 02:56:49,742 - AlignedRelationsCreator - DEBUG - MySQL Query: LOAD DATA LOCAL INFILE '../data/TPCH0.1GB/supplier.tbl' INTO TABLE SUPPLIER FIELDS  TERMINATED BY '|';
2019-03-11 02:56:49,742 - AlignedRelationsCreator - DEBUG - Loaded File ../data/TPCH0.1GB/supplier.tbl into table SUPPLIER
2019-03-11 02:56:49,784 - AlignedRelationsCreator - DEBUG - MySQL Query: LOAD DATA LOCAL INFILE '../data/TPCH0.1GB/nation.tbl' INTO TABLE NATION FIELDS  TERMINATED BY '|';
2019-03-11 02:56:49,784 - AlignedRelationsCreator - DEBUG - Loaded File ../data/TPCH0.1GB/nation.tbl into table NATION
2019-03-11 02:56:52,288 - AlignedRelationsCreator - DEBUG - MySQL Query: LOAD DATA LOCAL INFILE '../data/TPCH0.1GB/customer.tbl' INTO TABLE CUSTOMER FIELDS  TERMINATED BY '|';
2019-03-11 02:56:52,288 - AlignedRelationsCreator - DEBUG - Loaded File ../data/TPCH0.1GB/customer.tbl into table CUSTOMER
2019-03-11 02:56:52,332 - AlignedRelationsCreator - DEBUG - MySQL Query: LOAD DATA LOCAL INFILE '../data/TPCH0.1GB/region.tbl' INTO TABLE REGION FIELDS  TERMINATED BY '|';
2019-03-11 02:56:52,332 - AlignedRelationsCreator - DEBUG - Loaded File ../data/TPCH0.1GB/region.tbl into table REGION
2019-03-11 02:56:52,332 - AlignedRelationsCreator - INFO - Finished loading all tables from ../data/TPCH0.1GB
2019-03-11 03:00:03,226 - AlignedRelationsCreator - INFO - Connected to the Mysql Server
2019-03-11 03:00:03,226 - AlignedRelationsCreator - DEBUG - Following Schema will be created: TPCH0_1GB
2019-03-11 03:00:04,846 - AlignedRelationsCreator - INFO - Database TPCH0_1GB Exists. Dropping Now
2019-03-11 03:00:04,847 - AlignedRelationsCreator - INFO - Created following schema in server:TPCH0_1GB
2019-03-11 03:00:04,847 - AlignedRelationsCreator - INFO - Database Changed to TPCH0_1GB
2019-03-11 03:00:07,747 - AlignedRelationsCreator - INFO - Finished Creating Tables [('CUSTOMER',), ('LINEITEM',), ('NATION',), ('ORDERS',), ('PART',), ('PARTSUPP',), ('REGION',), ('SUPPLIER',)]
2019-03-11 03:00:11,179 - AlignedRelationsCreator - DEBUG - MySQL Query: LOAD DATA LOCAL INFILE '../data/TPCH0.1GB/partsupp.tbl' INTO TABLE PARTSUPP FIELDS  TERMINATED BY '|';
2019-03-11 03:00:11,179 - AlignedRelationsCreator - DEBUG - Loaded File ../data/TPCH0.1GB/partsupp.tbl into table PARTSUPP
2019-03-11 03:00:21,924 - AlignedRelationsCreator - DEBUG - MySQL Query: LOAD DATA LOCAL INFILE '../data/TPCH0.1GB/lineitem.tbl' INTO TABLE LINEITEM FIELDS  TERMINATED BY '|';
2019-03-11 03:00:21,924 - AlignedRelationsCreator - DEBUG - Loaded File ../data/TPCH0.1GB/lineitem.tbl into table LINEITEM
2019-03-11 03:00:25,625 - AlignedRelationsCreator - DEBUG - MySQL Query: LOAD DATA LOCAL INFILE '../data/TPCH0.1GB/part.tbl' INTO TABLE PART FIELDS  TERMINATED BY '|';
2019-03-11 03:00:25,625 - AlignedRelationsCreator - DEBUG - Loaded File ../data/TPCH0.1GB/part.tbl into table PART
2019-03-11 03:00:29,635 - AlignedRelationsCreator - DEBUG - MySQL Query: LOAD DATA LOCAL INFILE '../data/TPCH0.1GB/orders.tbl' INTO TABLE ORDERS FIELDS  TERMINATED BY '|';
2019-03-11 03:00:29,636 - AlignedRelationsCreator - DEBUG - Loaded File ../data/TPCH0.1GB/orders.tbl into table ORDERS
2019-03-11 03:00:30,445 - AlignedRelationsCreator - DEBUG - MySQL Query: LOAD DATA LOCAL INFILE '../data/TPCH0.1GB/supplier.tbl' INTO TABLE SUPPLIER FIELDS  TERMINATED BY '|';
2019-03-11 03:00:30,445 - AlignedRelationsCreator - DEBUG - Loaded File ../data/TPCH0.1GB/supplier.tbl into table SUPPLIER
2019-03-11 03:00:30,488 - AlignedRelationsCreator - DEBUG - MySQL Query: LOAD DATA LOCAL INFILE '../data/TPCH0.1GB/nation.tbl' INTO TABLE NATION FIELDS  TERMINATED BY '|';
2019-03-11 03:00:30,488 - AlignedRelationsCreator - DEBUG - Loaded File ../data/TPCH0.1GB/nation.tbl into table NATION
2019-03-11 03:00:32,664 - AlignedRelationsCreator - DEBUG - MySQL Query: LOAD DATA LOCAL INFILE '../data/TPCH0.1GB/customer.tbl' INTO TABLE CUSTOMER FIELDS  TERMINATED BY '|';
2019-03-11 03:00:32,664 - AlignedRelationsCreator - DEBUG - Loaded File ../data/TPCH0.1GB/customer.tbl into table CUSTOMER
2019-03-11 03:00:32,708 - AlignedRelationsCreator - DEBUG - MySQL Query: LOAD DATA LOCAL INFILE '../data/TPCH0.1GB/region.tbl' INTO TABLE REGION FIELDS  TERMINATED BY '|';
2019-03-11 03:00:32,708 - AlignedRelationsCreator - DEBUG - Loaded File ../data/TPCH0.1GB/region.tbl into table REGION
2019-03-11 03:00:32,708 - AlignedRelationsCreator - INFO - Finished loading all tables from ../data/TPCH0.1GB
2019-03-11 03:03:30,928 - AlignedRelationsCreator - INFO - Connected to the Mysql Server
2019-03-11 03:03:30,928 - AlignedRelationsCreator - DEBUG - Following Schema will be created: TPCH0_1GB
2019-03-11 03:03:32,269 - AlignedRelationsCreator - INFO - Database TPCH0_1GB Exists. Dropping Now
2019-03-11 03:03:32,269 - AlignedRelationsCreator - INFO - Created following schema in server:TPCH0_1GB
2019-03-11 03:03:32,270 - AlignedRelationsCreator - INFO - Database Changed to TPCH0_1GB
2019-03-11 03:03:34,777 - AlignedRelationsCreator - INFO - Finished Creating Tables [('CUSTOMER',), ('LINEITEM',), ('NATION',), ('ORDERS',), ('PART',), ('PARTSUPP',), ('REGION',), ('SUPPLIER',)]
2019-03-11 03:03:37,786 - AlignedRelationsCreator - DEBUG - MySQL Query: LOAD DATA LOCAL INFILE '../data/TPCH0.1GB/partsupp.tbl' INTO TABLE PARTSUPP FIELDS  TERMINATED BY '|';
2019-03-11 03:03:37,786 - AlignedRelationsCreator - DEBUG - Loaded File ../data/TPCH0.1GB/partsupp.tbl into table PARTSUPP
2019-03-11 03:03:48,986 - AlignedRelationsCreator - DEBUG - MySQL Query: LOAD DATA LOCAL INFILE '../data/TPCH0.1GB/lineitem.tbl' INTO TABLE LINEITEM FIELDS  TERMINATED BY '|';
2019-03-11 03:03:48,987 - AlignedRelationsCreator - DEBUG - Loaded File ../data/TPCH0.1GB/lineitem.tbl into table LINEITEM
2019-03-11 03:03:52,078 - AlignedRelationsCreator - DEBUG - MySQL Query: LOAD DATA LOCAL INFILE '../data/TPCH0.1GB/part.tbl' INTO TABLE PART FIELDS  TERMINATED BY '|';
2019-03-11 03:03:52,078 - AlignedRelationsCreator - DEBUG - Loaded File ../data/TPCH0.1GB/part.tbl into table PART
2019-03-11 03:03:55,565 - AlignedRelationsCreator - DEBUG - MySQL Query: LOAD DATA LOCAL INFILE '../data/TPCH0.1GB/orders.tbl' INTO TABLE ORDERS FIELDS  TERMINATED BY '|';
2019-03-11 03:03:55,565 - AlignedRelationsCreator - DEBUG - Loaded File ../data/TPCH0.1GB/orders.tbl into table ORDERS
2019-03-11 03:03:56,231 - AlignedRelationsCreator - DEBUG - MySQL Query: LOAD DATA LOCAL INFILE '../data/TPCH0.1GB/supplier.tbl' INTO TABLE SUPPLIER FIELDS  TERMINATED BY '|';
2019-03-11 03:03:56,231 - AlignedRelationsCreator - DEBUG - Loaded File ../data/TPCH0.1GB/supplier.tbl into table SUPPLIER
2019-03-11 03:03:56,276 - AlignedRelationsCreator - DEBUG - MySQL Query: LOAD DATA LOCAL INFILE '../data/TPCH0.1GB/nation.tbl' INTO TABLE NATION FIELDS  TERMINATED BY '|';
2019-03-11 03:03:56,276 - AlignedRelationsCreator - DEBUG - Loaded File ../data/TPCH0.1GB/nation.tbl into table NATION
2019-03-11 03:03:58,726 - AlignedRelationsCreator - DEBUG - MySQL Query: LOAD DATA LOCAL INFILE '../data/TPCH0.1GB/customer.tbl' INTO TABLE CUSTOMER FIELDS  TERMINATED BY '|';
2019-03-11 03:03:58,726 - AlignedRelationsCreator - DEBUG - Loaded File ../data/TPCH0.1GB/customer.tbl into table CUSTOMER
2019-03-11 03:03:58,768 - AlignedRelationsCreator - DEBUG - MySQL Query: LOAD DATA LOCAL INFILE '../data/TPCH0.1GB/region.tbl' INTO TABLE REGION FIELDS  TERMINATED BY '|';
2019-03-11 03:03:58,768 - AlignedRelationsCreator - DEBUG - Loaded File ../data/TPCH0.1GB/region.tbl into table REGION
2019-03-11 03:03:58,768 - AlignedRelationsCreator - INFO - Finished loading all tables from ../data/TPCH0.1GB
2019-03-11 03:06:08,103 - AlignedRelationsCreator - INFO - Connected to the Mysql Server
2019-03-11 03:06:08,103 - AlignedRelationsCreator - DEBUG - Following Schema will be created: TPCH0_1GB
2019-03-11 03:06:09,555 - AlignedRelationsCreator - INFO - Database TPCH0_1GB Exists. Dropping Now
2019-03-11 03:06:09,555 - AlignedRelationsCreator - INFO - Created following schema in server:TPCH0_1GB
2019-03-11 03:06:09,555 - AlignedRelationsCreator - INFO - Database Changed to TPCH0_1GB
2019-03-11 03:06:11,903 - AlignedRelationsCreator - INFO - Finished Creating Tables [('CUSTOMER',), ('LINEITEM',), ('NATION',), ('ORDERS',), ('PART',), ('PARTSUPP',), ('REGION',), ('SUPPLIER',)]
2019-03-11 03:06:14,198 - AlignedRelationsCreator - DEBUG - MySQL Query: LOAD DATA LOCAL INFILE '../data/TPCH0.1GB/partsupp.tbl' INTO TABLE PARTSUPP FIELDS  TERMINATED BY '|';
2019-03-11 03:06:14,199 - AlignedRelationsCreator - DEBUG - Loaded File ../data/TPCH0.1GB/partsupp.tbl into table PARTSUPP
2019-03-11 03:06:26,296 - AlignedRelationsCreator - DEBUG - MySQL Query: LOAD DATA LOCAL INFILE '../data/TPCH0.1GB/lineitem.tbl' INTO TABLE LINEITEM FIELDS  TERMINATED BY '|';
2019-03-11 03:06:26,296 - AlignedRelationsCreator - DEBUG - Loaded File ../data/TPCH0.1GB/lineitem.tbl into table LINEITEM
2019-03-11 03:06:28,977 - AlignedRelationsCreator - DEBUG - MySQL Query: LOAD DATA LOCAL INFILE '../data/TPCH0.1GB/part.tbl' INTO TABLE PART FIELDS  TERMINATED BY '|';
2019-03-11 03:06:28,977 - AlignedRelationsCreator - DEBUG - Loaded File ../data/TPCH0.1GB/part.tbl into table PART
2019-03-11 03:06:32,912 - AlignedRelationsCreator - DEBUG - MySQL Query: LOAD DATA LOCAL INFILE '../data/TPCH0.1GB/orders.tbl' INTO TABLE ORDERS FIELDS  TERMINATED BY '|';
2019-03-11 03:06:32,912 - AlignedRelationsCreator - DEBUG - Loaded File ../data/TPCH0.1GB/orders.tbl into table ORDERS
2019-03-11 03:06:33,679 - AlignedRelationsCreator - DEBUG - MySQL Query: LOAD DATA LOCAL INFILE '../data/TPCH0.1GB/supplier.tbl' INTO TABLE SUPPLIER FIELDS  TERMINATED BY '|';
2019-03-11 03:06:33,679 - AlignedRelationsCreator - DEBUG - Loaded File ../data/TPCH0.1GB/supplier.tbl into table SUPPLIER
2019-03-11 03:06:33,720 - AlignedRelationsCreator - DEBUG - MySQL Query: LOAD DATA LOCAL INFILE '../data/TPCH0.1GB/nation.tbl' INTO TABLE NATION FIELDS  TERMINATED BY '|';
2019-03-11 03:06:33,720 - AlignedRelationsCreator - DEBUG - Loaded File ../data/TPCH0.1GB/nation.tbl into table NATION
2019-03-11 03:06:36,250 - AlignedRelationsCreator - DEBUG - MySQL Query: LOAD DATA LOCAL INFILE '../data/TPCH0.1GB/customer.tbl' INTO TABLE CUSTOMER FIELDS  TERMINATED BY '|';
2019-03-11 03:06:36,250 - AlignedRelationsCreator - DEBUG - Loaded File ../data/TPCH0.1GB/customer.tbl into table CUSTOMER
2019-03-11 03:06:36,292 - AlignedRelationsCreator - DEBUG - MySQL Query: LOAD DATA LOCAL INFILE '../data/TPCH0.1GB/region.tbl' INTO TABLE REGION FIELDS  TERMINATED BY '|';
2019-03-11 03:06:36,292 - AlignedRelationsCreator - DEBUG - Loaded File ../data/TPCH0.1GB/region.tbl into table REGION
2019-03-11 03:06:36,292 - AlignedRelationsCreator - INFO - Finished loading all tables from ../data/TPCH0.1GB
2019-03-11 03:07:23,392 - AlignedRelationsCreator - INFO - Connected to the Mysql Server
2019-03-11 03:07:23,392 - AlignedRelationsCreator - DEBUG - Following Schema will be created: TPCH0_1GB
2019-03-11 03:07:24,707 - AlignedRelationsCreator - INFO - Database TPCH0_1GB Exists. Dropping Now
2019-03-11 03:07:24,708 - AlignedRelationsCreator - INFO - Created following schema in server:TPCH0_1GB
2019-03-11 03:07:24,708 - AlignedRelationsCreator - INFO - Database Changed to TPCH0_1GB
2019-03-11 03:07:27,758 - AlignedRelationsCreator - INFO - Finished Creating Tables [('CUSTOMER',), ('LINEITEM',), ('NATION',), ('ORDERS',), ('PART',), ('PARTSUPP',), ('REGION',), ('SUPPLIER',)]
2019-03-11 03:07:31,260 - AlignedRelationsCreator - DEBUG - MySQL Query: LOAD DATA LOCAL INFILE '../data/TPCH0.1GB/partsupp.tbl' INTO TABLE PARTSUPP FIELDS  TERMINATED BY '|';
2019-03-11 03:07:31,260 - AlignedRelationsCreator - DEBUG - Loaded File ../data/TPCH0.1GB/partsupp.tbl into table PARTSUPP
2019-03-11 03:07:43,462 - AlignedRelationsCreator - DEBUG - MySQL Query: LOAD DATA LOCAL INFILE '../data/TPCH0.1GB/lineitem.tbl' INTO TABLE LINEITEM FIELDS  TERMINATED BY '|';
2019-03-11 03:07:43,462 - AlignedRelationsCreator - DEBUG - Loaded File ../data/TPCH0.1GB/lineitem.tbl into table LINEITEM
2019-03-11 03:07:46,376 - AlignedRelationsCreator - DEBUG - MySQL Query: LOAD DATA LOCAL INFILE '../data/TPCH0.1GB/part.tbl' INTO TABLE PART FIELDS  TERMINATED BY '|';
2019-03-11 03:07:46,377 - AlignedRelationsCreator - DEBUG - Loaded File ../data/TPCH0.1GB/part.tbl into table PART
2019-03-11 03:07:49,736 - AlignedRelationsCreator - DEBUG - MySQL Query: LOAD DATA LOCAL INFILE '../data/TPCH0.1GB/orders.tbl' INTO TABLE ORDERS FIELDS  TERMINATED BY '|';
2019-03-11 03:07:49,736 - AlignedRelationsCreator - DEBUG - Loaded File ../data/TPCH0.1GB/orders.tbl into table ORDERS
2019-03-11 03:07:50,560 - AlignedRelationsCreator - DEBUG - MySQL Query: LOAD DATA LOCAL INFILE '../data/TPCH0.1GB/supplier.tbl' INTO TABLE SUPPLIER FIELDS  TERMINATED BY '|';
2019-03-11 03:07:50,560 - AlignedRelationsCreator - DEBUG - Loaded File ../data/TPCH0.1GB/supplier.tbl into table SUPPLIER
2019-03-11 03:07:50,604 - AlignedRelationsCreator - DEBUG - MySQL Query: LOAD DATA LOCAL INFILE '../data/TPCH0.1GB/nation.tbl' INTO TABLE NATION FIELDS  TERMINATED BY '|';
2019-03-11 03:07:50,604 - AlignedRelationsCreator - DEBUG - Loaded File ../data/TPCH0.1GB/nation.tbl into table NATION
2019-03-11 03:07:53,122 - AlignedRelationsCreator - DEBUG - MySQL Query: LOAD DATA LOCAL INFILE '../data/TPCH0.1GB/customer.tbl' INTO TABLE CUSTOMER FIELDS  TERMINATED BY '|';
2019-03-11 03:07:53,122 - AlignedRelationsCreator - DEBUG - Loaded File ../data/TPCH0.1GB/customer.tbl into table CUSTOMER
2019-03-11 03:07:53,164 - AlignedRelationsCreator - DEBUG - MySQL Query: LOAD DATA LOCAL INFILE '../data/TPCH0.1GB/region.tbl' INTO TABLE REGION FIELDS  TERMINATED BY '|';
2019-03-11 03:07:53,164 - AlignedRelationsCreator - DEBUG - Loaded File ../data/TPCH0.1GB/region.tbl into table REGION
2019-03-11 03:07:53,234 - AlignedRelationsCreator - INFO - Finished loading all tables from ../data/TPCH0.1GB
2019-03-11 03:27:36,270 - AlignedRelationsCreator - INFO - Connected to the Mysql Server
2019-03-11 03:36:19,515 - AlignedRelationsCreator - INFO - Connected to the Mysql Server
2019-03-11 03:36:19,515 - AlignedRelationsCreator - DEBUG - Following Schema will be created: TPCH0_1GB
2019-03-11 03:36:20,741 - AlignedRelationsCreator - INFO - Database TPCH0_1GB Exists. Dropping Now
2019-03-11 03:36:20,741 - AlignedRelationsCreator - INFO - Created following schema in server:TPCH0_1GB
2019-03-11 03:36:20,742 - AlignedRelationsCreator - INFO - Database Changed to TPCH0_1GB
2019-03-11 03:36:24,202 - AlignedRelationsCreator - DEBUG - MySQL Query: ALTER TABLE REGION ADD PRIMARY KEY (R_REGIONKEY);

2019-03-11 03:36:24,670 - AlignedRelationsCreator - DEBUG - MySQL Query: ALTER TABLE NATION ADD PRIMARY KEY (N_NATIONKEY);

2019-03-11 03:36:25,730 - AlignedRelationsCreator - DEBUG - MySQL Query: ALTER TABLE NATION ADD FOREIGN KEY NATION_FK1 (N_REGIONKEY) references REGION(R_REGIONKEY);

2019-03-11 03:36:26,367 - AlignedRelationsCreator - DEBUG - MySQL Query: ALTER TABLE PART ADD PRIMARY KEY (P_PARTKEY);

2019-03-11 03:36:26,818 - AlignedRelationsCreator - DEBUG - MySQL Query: ALTER TABLE SUPPLIER ADD PRIMARY KEY (S_SUPPKEY);

2019-03-11 03:36:27,705 - AlignedRelationsCreator - DEBUG - MySQL Query: ALTER TABLE SUPPLIER ADD FOREIGN KEY SUPPLIER_FK1 (S_NATIONKEY) references NATION(N_NATIONKEY);

2019-03-11 03:36:28,340 - AlignedRelationsCreator - DEBUG - MySQL Query: ALTER TABLE PARTSUPP ADD PRIMARY KEY (PS_PARTKEY,PS_SUPPKEY);

2019-03-11 03:36:29,125 - AlignedRelationsCreator - DEBUG - MySQL Query: ALTER TABLE CUSTOMER ADD PRIMARY KEY (C_CUSTKEY);

2019-03-11 03:36:30,036 - AlignedRelationsCreator - DEBUG - MySQL Query: ALTER TABLE CUSTOMER ADD FOREIGN KEY CUSTOMER_FK1 (C_NATIONKEY) references NATION(N_NATIONKEY);

2019-03-11 03:36:30,529 - AlignedRelationsCreator - DEBUG - MySQL Query: ALTER TABLE LINEITEM ADD PRIMARY KEY (L_ORDERKEY,L_LINENUMBER);

2019-03-11 03:36:31,899 - AlignedRelationsCreator - DEBUG - MySQL Query: ALTER TABLE PARTSUPP ADD FOREIGN KEY PARTSUPP_FK1 (PS_SUPPKEY) references SUPPLIER(S_SUPPKEY);

2019-03-11 03:36:32,535 - AlignedRelationsCreator - DEBUG - MySQL Query: ALTER TABLE PARTSUPP ADD FOREIGN KEY PARTSUPP_FK2 (PS_PARTKEY) references PART(P_PARTKEY);

2019-03-11 03:36:33,345 - AlignedRelationsCreator - DEBUG - MySQL Query: ALTER TABLE ORDERS ADD FOREIGN KEY ORDERS_FK1 (O_CUSTKEY) references CUSTOMER(C_CUSTKEY);

2019-03-11 03:38:15,333 - AlignedRelationsCreator - INFO - Connected to the Mysql Server
2019-03-11 03:38:15,333 - AlignedRelationsCreator - DEBUG - Following Schema will be created: TPCH0_1GB
2019-03-11 03:38:16,474 - AlignedRelationsCreator - INFO - Database TPCH0_1GB Exists. Dropping Now
2019-03-11 03:38:16,475 - AlignedRelationsCreator - INFO - Created following schema in server:TPCH0_1GB
2019-03-11 03:38:16,475 - AlignedRelationsCreator - INFO - Database Changed to TPCH0_1GB
2019-03-11 03:38:19,601 - AlignedRelationsCreator - DEBUG - MySQL Query: ALTER TABLE REGION ADD PRIMARY KEY (R_REGIONKEY);

2019-03-11 03:38:20,152 - AlignedRelationsCreator - DEBUG - MySQL Query: ALTER TABLE NATION ADD PRIMARY KEY (N_NATIONKEY);

2019-03-11 03:38:20,804 - AlignedRelationsCreator - DEBUG - MySQL Query: ALTER TABLE NATION ADD FOREIGN KEY NATION_FK1 (N_REGIONKEY) references REGION(R_REGIONKEY);

2019-03-11 03:38:21,398 - AlignedRelationsCreator - DEBUG - MySQL Query: ALTER TABLE PART ADD PRIMARY KEY (P_PARTKEY);

2019-03-11 03:38:22,066 - AlignedRelationsCreator - DEBUG - MySQL Query: ALTER TABLE SUPPLIER ADD PRIMARY KEY (S_SUPPKEY);

2019-03-11 03:38:22,800 - AlignedRelationsCreator - DEBUG - MySQL Query: ALTER TABLE SUPPLIER ADD FOREIGN KEY SUPPLIER_FK1 (S_NATIONKEY) references NATION(N_NATIONKEY);

2019-03-11 03:38:23,471 - AlignedRelationsCreator - DEBUG - MySQL Query: ALTER TABLE PARTSUPP ADD PRIMARY KEY (PS_PARTKEY,PS_SUPPKEY);

2019-03-11 03:38:24,098 - AlignedRelationsCreator - DEBUG - MySQL Query: ALTER TABLE CUSTOMER ADD PRIMARY KEY (C_CUSTKEY);

2019-03-11 03:38:25,201 - AlignedRelationsCreator - DEBUG - MySQL Query: ALTER TABLE CUSTOMER ADD FOREIGN KEY CUSTOMER_FK1 (C_NATIONKEY) references NATION(N_NATIONKEY);

2019-03-11 03:38:25,703 - AlignedRelationsCreator - DEBUG - MySQL Query: ALTER TABLE LINEITEM ADD PRIMARY KEY (L_ORDERKEY,L_LINENUMBER);

2019-03-11 03:38:26,630 - AlignedRelationsCreator - DEBUG - MySQL Query: ALTER TABLE PARTSUPP ADD FOREIGN KEY PARTSUPP_FK1 (PS_SUPPKEY) references SUPPLIER(S_SUPPKEY);

2019-03-11 03:38:27,424 - AlignedRelationsCreator - DEBUG - MySQL Query: ALTER TABLE PARTSUPP ADD FOREIGN KEY PARTSUPP_FK2 (PS_PARTKEY) references PART(P_PARTKEY);

2019-03-11 03:38:28,318 - AlignedRelationsCreator - DEBUG - MySQL Query: ALTER TABLE ORDERS ADD FOREIGN KEY ORDERS_FK1 (O_CUSTKEY) references CUSTOMER(C_CUSTKEY);

2019-03-11 03:39:43,174 - AlignedRelationsCreator - INFO - Connected to the Mysql Server
2019-03-11 03:39:43,174 - AlignedRelationsCreator - DEBUG - Following Schema will be created: TPCH0_1GB
2019-03-11 03:39:44,296 - AlignedRelationsCreator - INFO - Database TPCH0_1GB Exists. Dropping Now
2019-03-11 03:39:44,296 - AlignedRelationsCreator - INFO - Created following schema in server:TPCH0_1GB
2019-03-11 03:39:44,297 - AlignedRelationsCreator - INFO - Database Changed to TPCH0_1GB
2019-03-11 03:39:47,239 - AlignedRelationsCreator - DEBUG - MySQL Query: ALTER TABLE REGION ADD PRIMARY KEY (R_REGIONKEY);

2019-03-11 03:39:47,732 - AlignedRelationsCreator - DEBUG - MySQL Query: ALTER TABLE NATION ADD PRIMARY KEY (N_NATIONKEY);

2019-03-11 03:39:48,568 - AlignedRelationsCreator - DEBUG - MySQL Query: ALTER TABLE NATION ADD FOREIGN KEY NATION_FK1 (N_REGIONKEY) references REGION(R_REGIONKEY);

2019-03-11 03:39:49,153 - AlignedRelationsCreator - DEBUG - MySQL Query: ALTER TABLE PART ADD PRIMARY KEY (P_PARTKEY);

2019-03-11 03:39:49,596 - AlignedRelationsCreator - DEBUG - MySQL Query: ALTER TABLE SUPPLIER ADD PRIMARY KEY (S_SUPPKEY);

2019-03-11 03:39:50,282 - AlignedRelationsCreator - DEBUG - MySQL Query: ALTER TABLE ORDERS ADD PRIMARY KEY (O_ORDERKEY);

2019-03-11 03:39:51,217 - AlignedRelationsCreator - DEBUG - MySQL Query: ALTER TABLE SUPPLIER ADD FOREIGN KEY SUPPLIER_FK1 (S_NATIONKEY) references NATION(N_NATIONKEY);

2019-03-11 03:39:51,719 - AlignedRelationsCreator - DEBUG - MySQL Query: ALTER TABLE PARTSUPP ADD PRIMARY KEY (PS_PARTKEY,PS_SUPPKEY);

2019-03-11 03:39:52,554 - AlignedRelationsCreator - DEBUG - MySQL Query: ALTER TABLE CUSTOMER ADD PRIMARY KEY (C_CUSTKEY);

2019-03-11 03:39:53,324 - AlignedRelationsCreator - DEBUG - MySQL Query: ALTER TABLE CUSTOMER ADD FOREIGN KEY CUSTOMER_FK1 (C_NATIONKEY) references NATION(N_NATIONKEY);

2019-03-11 03:39:53,967 - AlignedRelationsCreator - DEBUG - MySQL Query: ALTER TABLE LINEITEM ADD PRIMARY KEY (L_ORDERKEY,L_LINENUMBER);

2019-03-11 03:39:54,694 - AlignedRelationsCreator - DEBUG - MySQL Query: ALTER TABLE PARTSUPP ADD FOREIGN KEY PARTSUPP_FK1 (PS_SUPPKEY) references SUPPLIER(S_SUPPKEY);

2019-03-11 03:39:55,605 - AlignedRelationsCreator - DEBUG - MySQL Query: ALTER TABLE PARTSUPP ADD FOREIGN KEY PARTSUPP_FK2 (PS_PARTKEY) references PART(P_PARTKEY);

2019-03-11 03:39:56,541 - AlignedRelationsCreator - DEBUG - MySQL Query: ALTER TABLE ORDERS ADD FOREIGN KEY ORDERS_FK1 (O_CUSTKEY) references CUSTOMER(C_CUSTKEY);

2019-03-11 03:39:57,335 - AlignedRelationsCreator - DEBUG - MySQL Query: ALTER TABLE LINEITEM ADD FOREIGN KEY LINEITEM_FK1 (L_ORDERKEY)  references ORDERS(O_ORDERKEY);

2019-03-11 03:39:58,063 - AlignedRelationsCreator - DEBUG - MySQL Query: ALTER TABLE LINEITEM ADD FOREIGN KEY LINEITEM_FK2 (L_PARTKEY,L_SUPPKEY) references PARTSUPP(PS_PARTKEY, PS_SUPPKEY);
2019-03-11 03:39:58,063 - AlignedRelationsCreator - INFO - Finished Creating Tables [('CUSTOMER',), ('LINEITEM',), ('NATION',), ('ORDERS',), ('PART',), ('PARTSUPP',), ('REGION',), ('SUPPLIER',)]
2019-03-11 03:40:00,743 - AlignedRelationsCreator - DEBUG - MySQL Query: LOAD DATA LOCAL INFILE '../data/TPCH0.1GB/partsupp.tbl' INTO TABLE PARTSUPP FIELDS  TERMINATED BY '|';
2019-03-11 03:40:00,743 - AlignedRelationsCreator - DEBUG - Loaded File ../data/TPCH0.1GB/partsupp.tbl into table PARTSUPP
2019-03-11 03:40:21,817 - AlignedRelationsCreator - DEBUG - MySQL Query: LOAD DATA LOCAL INFILE '../data/TPCH0.1GB/lineitem.tbl' INTO TABLE LINEITEM FIELDS  TERMINATED BY '|';
2019-03-11 03:40:21,817 - AlignedRelationsCreator - DEBUG - Loaded File ../data/TPCH0.1GB/lineitem.tbl into table LINEITEM
2019-03-11 03:40:23,451 - AlignedRelationsCreator - DEBUG - MySQL Query: LOAD DATA LOCAL INFILE '../data/TPCH0.1GB/part.tbl' INTO TABLE PART FIELDS  TERMINATED BY '|';
2019-03-11 03:40:23,451 - AlignedRelationsCreator - DEBUG - Loaded File ../data/TPCH0.1GB/part.tbl into table PART
2019-03-11 03:40:29,160 - AlignedRelationsCreator - DEBUG - MySQL Query: LOAD DATA LOCAL INFILE '../data/TPCH0.1GB/orders.tbl' INTO TABLE ORDERS FIELDS  TERMINATED BY '|';
2019-03-11 03:40:29,160 - AlignedRelationsCreator - DEBUG - Loaded File ../data/TPCH0.1GB/orders.tbl into table ORDERS
2019-03-11 03:40:29,218 - AlignedRelationsCreator - DEBUG - MySQL Query: LOAD DATA LOCAL INFILE '../data/TPCH0.1GB/supplier.tbl' INTO TABLE SUPPLIER FIELDS  TERMINATED BY '|';
2019-03-11 03:40:29,218 - AlignedRelationsCreator - DEBUG - Loaded File ../data/TPCH0.1GB/supplier.tbl into table SUPPLIER
2019-03-11 03:40:29,260 - AlignedRelationsCreator - DEBUG - MySQL Query: LOAD DATA LOCAL INFILE '../data/TPCH0.1GB/nation.tbl' INTO TABLE NATION FIELDS  TERMINATED BY '|';
2019-03-11 03:40:29,260 - AlignedRelationsCreator - DEBUG - Loaded File ../data/TPCH0.1GB/nation.tbl into table NATION
2019-03-11 03:40:29,750 - AlignedRelationsCreator - DEBUG - MySQL Query: LOAD DATA LOCAL INFILE '../data/TPCH0.1GB/customer.tbl' INTO TABLE CUSTOMER FIELDS  TERMINATED BY '|';
2019-03-11 03:40:29,750 - AlignedRelationsCreator - DEBUG - Loaded File ../data/TPCH0.1GB/customer.tbl into table CUSTOMER
2019-03-11 03:40:29,792 - AlignedRelationsCreator - DEBUG - MySQL Query: LOAD DATA LOCAL INFILE '../data/TPCH0.1GB/region.tbl' INTO TABLE REGION FIELDS  TERMINATED BY '|';
2019-03-11 03:40:29,792 - AlignedRelationsCreator - DEBUG - Loaded File ../data/TPCH0.1GB/region.tbl into table REGION
2019-03-11 03:40:29,849 - AlignedRelationsCreator - INFO - Finished loading all tables from ../data/TPCH0.1GB
